<?xml version="1.0" encoding="UTF-8"?>
<!-- Generated by org.testng.reporters.JUnitXMLReporter -->
<testsuite ignored="0" hostname="ip-172-31-25-243" failures="0" tests="3" name="Default test" time="2.75" errors="0" timestamp="10 Oct 2024 09:18:56 GMT">
  <testcase classname="restAssuredBDD.ReqResTest" name="Test01getAllEmployee" time="2.122"/>
  <testcase classname="restAssuredBDD.ReqResTest" name="Test02getSingleEmployee" time="0.096"/>
  <testcase classname="restAssuredBDD.ReqResTest" name="createEmployee" time="0.512"/>
</testsuite> <!-- Default test -->
