<?xml version="1.0" encoding="UTF-8"?>
<testng-results ignored="0" total="3" passed="3" failed="0" skipped="0">
  <reporter-output>
  </reporter-output>
  <suite started-at="2024-10-10T09:18:53Z" name="Default suite" finished-at="2024-10-10T09:18:56Z" duration-ms="2750">
    <groups>
    </groups>
    <test started-at="2024-10-10T09:18:53Z" name="Default test" finished-at="2024-10-10T09:18:56Z" duration-ms="2750">
      <class name="restAssuredBDD.ReqResTest">
        <test-method signature="Test01getAllEmployee()[pri:0, instance:restAssuredBDD.ReqResTest@74a6f9c1]" started-at="2024-10-10T09:18:53Z" name="Test01getAllEmployee" finished-at="2024-10-10T09:18:56Z" duration-ms="2122" status="PASS">
          <reporter-output>
          </reporter-output>
        </test-method> <!-- Test01getAllEmployee -->
        <test-method signature="Test02getSingleEmployee()[pri:0, instance:restAssuredBDD.ReqResTest@74a6f9c1]" started-at="2024-10-10T09:18:56Z" name="Test02getSingleEmployee" finished-at="2024-10-10T09:18:56Z" duration-ms="96" status="PASS">
          <reporter-output>
          </reporter-output>
        </test-method> <!-- Test02getSingleEmployee -->
        <test-method signature="createEmployee()[pri:0, instance:restAssuredBDD.ReqResTest@74a6f9c1]" started-at="2024-10-10T09:18:56Z" name="createEmployee" finished-at="2024-10-10T09:18:56Z" duration-ms="512" status="PASS">
          <reporter-output>
          </reporter-output>
        </test-method> <!-- createEmployee -->
      </class> <!-- restAssuredBDD.ReqResTest -->
    </test> <!-- Default test -->
  </suite> <!-- Default suite -->
</testng-results>
